# JRE version: OpenJDK Runtime Environment Temurin-21.0.10+7 (21.0.10+7) (build 21.0.10+7-LTS)
# Java VM: OpenJDK 64-Bit Server VM Temurin-21.0.10+7 (21.0.10+7-LTS, mixed mode, sharing, tiered, compressed oops, compressed class ptrs, parallel gc, windows-amd64)
GC Precious Log:
 CardTable entry size: 512
 CPUs: 24 total, 24 available
 Memory: 32388M
 Large Page Support: Disabled
 NUMA Support: Disabled
 Compressed Oops: Enabled (32-bit)
 Alignments: Space 512K, Generation 512K, Heap 2M
 Heap Min Capacity: 100M
 Heap Initial Capacity: 100M
 Heap Max Capacity: 2G
 Pre-touch: Disabled
 Parallel Workers: 18
Heap:
 PSYoungGen      total 5632K, used 4363K [0x00000000d5580000, 0x00000000d5d00000, 0x0000000100000000)
  eden space 4096K, 71% used [0x00000000d5580000,0x00000000d585b4b8,0x00000000d5980000)
  from space 1536K, 93% used [0x00000000d5b80000,0x00000000d5ce77d0,0x00000000d5d00000)
  to   space 1536K, 0% used [0x00000000d5a00000,0x00000000d5a00000,0x00000000d5b80000)
 ParOldGen       total 901120K, used 429787K [0x0000000080000000, 0x00000000b7000000, 0x00000000d5580000)
  object space 901120K, 47% used [0x0000000080000000,0x000000009a3b6c48,0x00000000b7000000)
 Metaspace       used 80263K, committed 81984K, reserved 1179648K
  class space    used 9639K, committed 10432K, reserved 1048576K
GC Heap History (20 events):
Event: 79.902 GC heap after
{Heap after GC invocations=1792 (full 3):
 PSYoungGen      total 5120K, used 960K [0x00000000d5580000, 0x00000000d5d80000, 0x0000000100000000)
  eden space 4096K, 0% used [0x00000000d5580000,0x00000000d5580000,0x00000000d5980000)
  from space 1024K, 93% used [0x00000000d5980000,0x00000000d5a70000,0x00000000d5a80000)
  to   space 2048K, 0% used [0x00000000d5b80000,0x00000000d5b80000,0x00000000d5d80000)
 ParOldGen       total 901120K, used 420075K [0x0000000080000000, 0x00000000b7000000, 0x00000000d5580000)
  object space 901120K, 46% used [0x0000000080000000,0x0000000099a3af80,0x00000000b7000000)
 Metaspace       used 79778K, committed 81472K, reserved 1179648K
  class space    used 9621K, committed 10368K, reserved 1048576K
}
Event: 79.910 GC heap before
{Heap before GC invocations=1793 (full 3):
 PSYoungGen      total 5120K, used 5056K [0x00000000d5580000, 0x00000000d5d80000, 0x0000000100000000)
  eden space 4096K, 100% used [0x00000000d5580000,0x00000000d5980000,0x00000000d5980000)
  from space 1024K, 93% used [0x00000000d5980000,0x00000000d5a70000,0x00000000d5a80000)
  to   space 2048K, 0% used [0x00000000d5b80000,0x00000000d5b80000,0x00000000d5d80000)
 ParOldGen       total 901120K, used 420075K [0x0000000080000000, 0x00000000b7000000, 0x00000000d5580000)
  object space 901120K, 46% used [0x0000000080000000,0x0000000099a3af80,0x00000000b7000000)
 Metaspace       used 79801K, committed 81472K, reserved 1179648K
  class space    used 9621K, committed 10368K, reserved 1048576K
}
Event: 79.912 GC heap after
{Heap after GC invocations=1793 (full 3):
 PSYoungGen      total 5120K, used 960K [0x00000000d5580000, 0x00000000d5c80000, 0x0000000100000000)
  eden space 4096K, 0% used [0x00000000d5580000,0x00000000d5580000,0x00000000d5980000)
  from space 1024K, 93% used [0x00000000d5b80000,0x00000000d5c70000,0x00000000d5c80000)
  to   space 1536K, 0% used [0x00000000d5980000,0x00000000d5980000,0x00000000d5b00000)
 ParOldGen       total 901120K, used 420827K [0x0000000080000000, 0x00000000b7000000, 0x00000000d5580000)
  object space 901120K, 46% used [0x0000000080000000,0x0000000099af6f80,0x00000000b7000000)
 Metaspace       used 79801K, committed 81472K, reserved 1179648K
  class space    used 9621K, committed 10368K, reserved 1048576K
}
Event: 79.920 GC heap before
{Heap before GC invocations=1794 (full 3):
 PSYoungGen      total 5120K, used 5056K [0x00000000d5580000, 0x00000000d5c80000, 0x0000000100000000)
  eden space 4096K, 100% used [0x00000000d5580000,0x00000000d5980000,0x00000000d5980000)
  from space 1024K, 93% used [0x00000000d5b80000,0x00000000d5c70000,0x00000000d5c80000)
  to   space 1536K, 0% used [0x00000000d5980000,0x00000000d5980000,0x00000000d5b00000)
 ParOldGen       total 901120K, used 420827K [0x0000000080000000, 0x00000000b7000000, 0x00000000d5580000)
  object space 901120K, 46% used [0x0000000080000000,0x0000000099af6f80,0x00000000b7000000)
 Metaspace       used 79811K, committed 81472K, reserved 1179648K
  class space    used 9621K, committed 10368K, reserved 1048576K
}
Event: 79.922 GC heap after
{Heap after GC invocations=1794 (full 3):
 PSYoungGen      total 5632K, used 768K [0x00000000d5580000, 0x00000000d5c00000, 0x0000000100000000)
  eden space 4096K, 0% used [0x00000000d5580000,0x00000000d5580000,0x00000000d5980000)
  from space 1536K, 50% used [0x00000000d5980000,0x00000000d5a40000,0x00000000d5b00000)
  to   space 1024K, 0% used [0x00000000d5b00000,0x00000000d5b00000,0x00000000d5c00000)
 ParOldGen       total 901120K, used 421547K [0x0000000080000000, 0x00000000b7000000, 0x00000000d5580000)
  object space 901120K, 46% used [0x0000000080000000,0x0000000099baaf80,0x00000000b7000000)
 Metaspace       used 79811K, committed 81472K, reserved 1179648K
  class space    used 9621K, committed 10368K, reserved 1048576K
}
Event: 79.930 GC heap before
{Heap before GC invocations=1795 (full 3):
 PSYoungGen      total 5632K, used 4864K [0x00000000d5580000, 0x00000000d5c00000, 0x0000000100000000)
  eden space 4096K, 100% used [0x00000000d5580000,0x00000000d5980000,0x00000000d5980000)
  from space 1536K, 50% used [0x00000000d5980000,0x00000000d5a40000,0x00000000d5b00000)
  to   space 1024K, 0% used [0x00000000d5b00000,0x00000000d5b00000,0x00000000d5c00000)
 ParOldGen       total 901120K, used 421547K [0x0000000080000000, 0x00000000b7000000, 0x00000000d5580000)
  object space 901120K, 46% used [0x0000000080000000,0x0000000099baaf80,0x00000000b7000000)
 Metaspace       used 79846K, committed 81536K, reserved 1179648K
  class space    used 9621K, committed 10368K, reserved 1048576K
}
Event: 79.932 GC heap after
{Heap after GC invocations=1795 (full 3):
 PSYoungGen      total 5120K, used 768K [0x00000000d5580000, 0x00000000d5c00000, 0x0000000100000000)
  eden space 4096K, 0% used [0x00000000d5580000,0x00000000d5580000,0x00000000d5980000)
  from space 1024K, 75% used [0x00000000d5b00000,0x00000000d5bc0000,0x00000000d5c00000)
  to   space 1024K, 0% used [0x00000000d5a00000,0x00000000d5a00000,0x00000000d5b00000)
 ParOldGen       total 901120K, used 422035K [0x0000000080000000, 0x00000000b7000000, 0x00000000d5580000)
  object space 901120K, 46% used [0x0000000080000000,0x0000000099c24f80,0x00000000b7000000)
 Metaspace       used 79846K, committed 81536K, reserved 1179648K
  class space    used 9621K, committed 10368K, reserved 1048576K
}
Event: 79.939 GC heap before
{Heap before GC invocations=1796 (full 3):
 PSYoungGen      total 5120K, used 4864K [0x00000000d5580000, 0x00000000d5c00000, 0x0000000100000000)
  eden space 4096K, 100% used [0x00000000d5580000,0x00000000d5980000,0x00000000d5980000)
  from space 1024K, 75% used [0x00000000d5b00000,0x00000000d5bc0000,0x00000000d5c00000)
  to   space 1024K, 0% used [0x00000000d5a00000,0x00000000d5a00000,0x00000000d5b00000)
 ParOldGen       total 901120K, used 422035K [0x0000000080000000, 0x00000000b7000000, 0x00000000d5580000)
  object space 901120K, 46% used [0x0000000080000000,0x0000000099c24f80,0x00000000b7000000)
 Metaspace       used 79871K, committed 81536K, reserved 1179648K
  class space    used 9621K, committed 10368K, reserved 1048576K
}
Event: 79.941 GC heap after
{Heap after GC invocations=1796 (full 3):
 PSYoungGen      total 5120K, used 800K [0x00000000d5580000, 0x00000000d5b80000, 0x0000000100000000)
  eden space 4096K, 0% used [0x00000000d5580000,0x00000000d5580000,0x00000000d5980000)
  from space 1024K, 78% used [0x00000000d5a00000,0x00000000d5ac8000,0x00000000d5b00000)
  to   space 512K, 0% used [0x00000000d5b00000,0x00000000d5b00000,0x00000000d5b80000)
 ParOldGen       total 901120K, used 422563K [0x0000000080000000, 0x00000000b7000000, 0x00000000d5580000)
  object space 901120K, 46% used [0x0000000080000000,0x0000000099ca8f80,0x00000000b7000000)
 Metaspace       used 79871K, committed 81536K, reserved 1179648K
  class space    used 9621K, committed 10368K, reserved 1048576K
}
Event: 79.950 GC heap before
{Heap before GC invocations=1797 (full 3):
 PSYoungGen      total 5120K, used 4682K [0x00000000d5580000, 0x00000000d5b80000, 0x0000000100000000)
  eden space 4096K, 94% used [0x00000000d5580000,0x00000000d594aa10,0x00000000d5980000)
  from space 1024K, 78% used [0x00000000d5a00000,0x00000000d5ac8000,0x00000000d5b00000)
  to   space 512K, 0% used [0x00000000d5b00000,0x00000000d5b00000,0x00000000d5b80000)
 ParOldGen       total 901120K, used 422563K [0x0000000080000000, 0x00000000b7000000, 0x00000000d5580000)
  object space 901120K, 46% used [0x0000000080000000,0x0000000099ca8f80,0x00000000b7000000)
 Metaspace       used 79934K, committed 81600K, reserved 1179648K
  class space    used 9621K, committed 10368K, reserved 1048576K
}
Event: 79.952 GC heap after
{Heap after GC invocations=1797 (full 3):
 PSYoungGen      total 4608K, used 512K [0x00000000d5580000, 0x00000000d5c80000, 0x0000000100000000)
  eden space 4096K, 0% used [0x00000000d5580000,0x00000000d5580000,0x00000000d5980000)
  from space 512K, 100% used [0x00000000d5b00000,0x00000000d5b80000,0x00000000d5b80000)
  to   space 1536K, 0% used [0x00000000d5980000,0x00000000d5980000,0x00000000d5b00000)
 ParOldGen       total 901120K, used 423403K [0x0000000080000000, 0x00000000b7000000, 0x00000000d5580000)
  object space 901120K, 46% used [0x0000000080000000,0x0000000099d7af90,0x00000000b7000000)
 Metaspace       used 79934K, committed 81600K, reserved 1179648K
  class space    used 9621K, committed 10368K, reserved 1048576K
}
Event: 79.975 GC heap before
{Heap before GC invocations=1798 (full 3):
 PSYoungGen      total 4608K, used 4607K [0x00000000d5580000, 0x00000000d5c80000, 0x0000000100000000)
  eden space 4096K, 99% used [0x00000000d5580000,0x00000000d597fff0,0x00000000d5980000)
  from space 512K, 100% used [0x00000000d5b00000,0x00000000d5b80000,0x00000000d5b80000)
  to   space 1536K, 0% used [0x00000000d5980000,0x00000000d5980000,0x00000000d5b00000)
 ParOldGen       total 901120K, used 423403K [0x0000000080000000, 0x00000000b7000000, 0x00000000d5580000)
  object space 901120K, 46% used [0x0000000080000000,0x0000000099d7af90,0x00000000b7000000)
 Metaspace       used 80009K, committed 81664K, reserved 1179648K
  class space    used 9624K, committed 10368K, reserved 1048576K
}
Event: 79.977 GC heap after
{Heap after GC invocations=1798 (full 3):
 PSYoungGen      total 5632K, used 1287K [0x00000000d5580000, 0x00000000d5c80000, 0x0000000100000000)
  eden space 4096K, 0% used [0x00000000d5580000,0x00000000d5580000,0x00000000d5980000)
  from space 1536K, 83% used [0x00000000d5980000,0x00000000d5ac1cf8,0x00000000d5b00000)
  to   space 1536K, 0% used [0x00000000d5b00000,0x00000000d5b00000,0x00000000d5c80000)
 ParOldGen       total 901120K, used 423819K [0x0000000080000000, 0x00000000b7000000, 0x00000000d5580000)
  object space 901120K, 47% used [0x0000000080000000,0x0000000099de2f90,0x00000000b7000000)
 Metaspace       used 80009K, committed 81664K, reserved 1179648K
  class space    used 9624K, committed 10368K, reserved 1048576K
}
Event: 79.987 GC heap before
{Heap before GC invocations=1799 (full 3):
 PSYoungGen      total 5632K, used 5383K [0x00000000d5580000, 0x00000000d5c80000, 0x0000000100000000)
  eden space 4096K, 100% used [0x00000000d5580000,0x00000000d5980000,0x00000000d5980000)
  from space 1536K, 83% used [0x00000000d5980000,0x00000000d5ac1cf8,0x00000000d5b00000)
  to   space 1536K, 0% used [0x00000000d5b00000,0x00000000d5b00000,0x00000000d5c80000)
 ParOldGen       total 901120K, used 423819K [0x0000000080000000, 0x00000000b7000000, 0x00000000d5580000)
  object space 901120K, 47% used [0x0000000080000000,0x0000000099de2f90,0x00000000b7000000)
 Metaspace       used 80061K, committed 81792K, reserved 1179648K
  class space    used 9633K, committed 10432K, reserved 1048576K
}
Event: 79.989 GC heap after
{Heap after GC invocations=1799 (full 3):
 PSYoungGen      total 5120K, used 789K [0x00000000d5580000, 0x00000000d5c00000, 0x0000000100000000)
  eden space 4096K, 0% used [0x00000000d5580000,0x00000000d5580000,0x00000000d5980000)
  from space 1024K, 77% used [0x00000000d5b00000,0x00000000d5bc5400,0x00000000d5c00000)
  to   space 1024K, 0% used [0x00000000d5a00000,0x00000000d5a00000,0x00000000d5b00000)
 ParOldGen       total 901120K, used 425131K [0x0000000080000000, 0x00000000b7000000, 0x00000000d5580000)
  object space 901120K, 47% used [0x0000000080000000,0x0000000099f2afb8,0x00000000b7000000)
 Metaspace       used 80061K, committed 81792K, reserved 1179648K
  class space    used 9633K, committed 10432K, reserved 1048576K
}
Event: 80.022 GC heap before
{Heap before GC invocations=1800 (full 3):
 PSYoungGen      total 5120K, used 4884K [0x00000000d5580000, 0x00000000d5c00000, 0x0000000100000000)
  eden space 4096K, 99% used [0x00000000d5580000,0x00000000d597ffe0,0x00000000d5980000)
  from space 1024K, 77% used [0x00000000d5b00000,0x00000000d5bc5400,0x00000000d5c00000)
  to   space 1024K, 0% used [0x00000000d5a00000,0x00000000d5a00000,0x00000000d5b00000)
 ParOldGen       total 901120K, used 425131K [0x0000000080000000, 0x00000000b7000000, 0x00000000d5580000)
  object space 901120K, 47% used [0x0000000080000000,0x0000000099f2afb8,0x00000000b7000000)
 Metaspace       used 80158K, committed 81920K, reserved 1179648K
  class space    used 9639K, committed 10432K, reserved 1048576K
}
Event: 80.024 GC heap after
{Heap after GC invocations=1800 (full 3):
 PSYoungGen      total 5120K, used 1018K [0x00000000d5580000, 0x00000000d5e80000, 0x0000000100000000)
  eden space 4096K, 0% used [0x00000000d5580000,0x00000000d5580000,0x00000000d5980000)
  from space 1024K, 99% used [0x00000000d5a00000,0x00000000d5afea00,0x00000000d5b00000)
  to   space 2560K, 0% used [0x00000000d5c00000,0x00000000d5c00000,0x00000000d5e80000)
 ParOldGen       total 901120K, used 426260K [0x0000000080000000, 0x00000000b7000000, 0x00000000d5580000)
  object space 901120K, 47% used [0x0000000080000000,0x000000009a045260,0x00000000b7000000)
 Metaspace       used 80158K, committed 81920K, reserved 1179648K
  class space    used 9639K, committed 10432K, reserved 1048576K
}
Event: 80.043 GC heap before
{Heap before GC invocations=1801 (full 3):
 PSYoungGen      total 5120K, used 5114K [0x00000000d5580000, 0x00000000d5e80000, 0x0000000100000000)
  eden space 4096K, 100% used [0x00000000d5580000,0x00000000d5980000,0x00000000d5980000)
  from space 1024K, 99% used [0x00000000d5a00000,0x00000000d5afea00,0x00000000d5b00000)
  to   space 2560K, 0% used [0x00000000d5c00000,0x00000000d5c00000,0x00000000d5e80000)
 ParOldGen       total 901120K, used 426260K [0x0000000080000000, 0x00000000b7000000, 0x00000000d5580000)
  object space 901120K, 47% used [0x0000000080000000,0x000000009a045260,0x00000000b7000000)
 Metaspace       used 80206K, committed 81920K, reserved 1179648K
  class space    used 9639K, committed 10432K, reserved 1048576K
}
Event: 80.045 GC heap after
{Heap after GC invocations=1801 (full 3):
 PSYoungGen      total 5632K, used 1452K [0x00000000d5580000, 0x00000000d5d80000, 0x0000000100000000)
  eden space 4096K, 0% used [0x00000000d5580000,0x00000000d5580000,0x00000000d5980000)
  from space 1536K, 94% used [0x00000000d5c00000,0x00000000d5d6b000,0x00000000d5d80000)
  to   space 2048K, 0% used [0x00000000d5980000,0x00000000d5980000,0x00000000d5b80000)
 ParOldGen       total 901120K, used 427115K [0x0000000080000000, 0x00000000b7000000, 0x00000000d5580000)
  object space 901120K, 47% used [0x0000000080000000,0x000000009a11af08,0x00000000b7000000)
 Metaspace       used 80206K, committed 81920K, reserved 1179648K
  class space    used 9639K, committed 10432K, reserved 1048576K
}
Event: 82.075 GC heap before
{Heap before GC invocations=1802 (full 3):
 PSYoungGen      total 5632K, used 5548K [0x00000000d5580000, 0x00000000d5d80000, 0x0000000100000000)
  eden space 4096K, 100% used [0x00000000d5580000,0x00000000d5980000,0x00000000d5980000)
  from space 1536K, 94% used [0x00000000d5c00000,0x00000000d5d6b000,0x00000000d5d80000)
  to   space 2048K, 0% used [0x00000000d5980000,0x00000000d5980000,0x00000000d5b80000)
 ParOldGen       total 901120K, used 427115K [0x0000000080000000, 0x00000000b7000000, 0x00000000d5580000)
  object space 901120K, 47% used [0x0000000080000000,0x000000009a11af08,0x00000000b7000000)
 Metaspace       used 80247K, committed 81984K, reserved 1179648K
  class space    used 9639K, committed 10432K, reserved 1048576K
}

