# JRE version: OpenJDK Runtime Environment Temurin-21.0.10+7 (21.0.10+7) (build 21.0.10+7-LTS)
# Java VM: OpenJDK 64-Bit Server VM Temurin-21.0.10+7 (21.0.10+7-LTS, mixed mode, sharing, tiered, compressed oops, compressed class ptrs, parallel gc, windows-amd64)
GC Precious Log:
 CardTable entry size: 512
 CPUs: 24 total, 24 available
 Memory: 32388M
 Large Page Support: Disabled
 NUMA Support: Disabled
 Compressed Oops: Enabled (32-bit)
 Alignments: Space 512K, Generation 512K, Heap 2M
 Heap Min Capacity: 100M
 Heap Initial Capacity: 100M
 Heap Max Capacity: 2G
 Pre-touch: Disabled
 Parallel Workers: 18
Heap:
 PSYoungGen      total 13824K, used 13799K [0x00000000d5580000, 0x00000000d6900000, 0x0000000100000000)
  eden space 12288K, 100% used [0x00000000d5580000,0x00000000d6180000,0x00000000d6180000)
  from space 1536K, 98% used [0x00000000d6480000,0x00000000d65f9da8,0x00000000d6600000)
  to   space 3072K, 28% used [0x00000000d6180000,0x00000000d6258000,0x00000000d6480000)
 ParOldGen       total 1065984K, used 1065977K [0x0000000080000000, 0x00000000c1100000, 0x00000000d5580000)
  object space 1065984K, 99% used [0x0000000080000000,0x00000000c10fe470,0x00000000c1100000)
 Metaspace       used 79425K, committed 81088K, reserved 1179648K
  class space    used 8169K, committed 8896K, reserved 1048576K
GC Heap History (20 events):
Event: 41.818 GC heap after
{Heap after GC invocations=2375 (full 4):
 PSYoungGen      total 15360K, used 1522K [0x00000000d5580000, 0x00000000d6900000, 0x0000000100000000)
  eden space 13824K, 0% used [0x00000000d5580000,0x00000000d5580000,0x00000000d6300000)
  from space 1536K, 99% used [0x00000000d6300000,0x00000000d647ca18,0x00000000d6480000)
  to   space 3072K, 0% used [0x00000000d6600000,0x00000000d6600000,0x00000000d6900000)
 ParOldGen       total 1056768K, used 1056559K [0x0000000080000000, 0x00000000c0800000, 0x00000000d5580000)
  object space 1056768K, 99% used [0x0000000080000000,0x00000000c07cbd60,0x00000000c0800000)
 Metaspace       used 79425K, committed 81088K, reserved 1179648K
  class space    used 8169K, committed 8896K, reserved 1048576K
}
Event: 41.825 GC heap before
{Heap before GC invocations=2376 (full 4):
 PSYoungGen      total 15360K, used 15346K [0x00000000d5580000, 0x00000000d6900000, 0x0000000100000000)
  eden space 13824K, 100% used [0x00000000d5580000,0x00000000d6300000,0x00000000d6300000)
  from space 1536K, 99% used [0x00000000d6300000,0x00000000d647ca18,0x00000000d6480000)
  to   space 3072K, 0% used [0x00000000d6600000,0x00000000d6600000,0x00000000d6900000)
 ParOldGen       total 1056768K, used 1056559K [0x0000000080000000, 0x00000000c0800000, 0x00000000d5580000)
  object space 1056768K, 99% used [0x0000000080000000,0x00000000c07cbd60,0x00000000c0800000)
 Metaspace       used 79425K, committed 81088K, reserved 1179648K
  class space    used 8169K, committed 8896K, reserved 1048576K
}
Event: 41.827 GC heap after
{Heap after GC invocations=2376 (full 4):
 PSYoungGen      total 14848K, used 832K [0x00000000d5580000, 0x00000000d6700000, 0x0000000100000000)
  eden space 13824K, 0% used [0x00000000d5580000,0x00000000d5580000,0x00000000d6300000)
  from space 1024K, 81% used [0x00000000d6600000,0x00000000d66d0000,0x00000000d6700000)
  to   space 1536K, 0% used [0x00000000d6400000,0x00000000d6400000,0x00000000d6580000)
 ParOldGen       total 1058304K, used 1058104K [0x0000000080000000, 0x00000000c0980000, 0x00000000d5580000)
  object space 1058304K, 99% used [0x0000000080000000,0x00000000c094e0f0,0x00000000c0980000)
 Metaspace       used 79425K, committed 81088K, reserved 1179648K
  class space    used 8169K, committed 8896K, reserved 1048576K
}
Event: 41.834 GC heap before
{Heap before GC invocations=2377 (full 4):
 PSYoungGen      total 14848K, used 14656K [0x00000000d5580000, 0x00000000d6700000, 0x0000000100000000)
  eden space 13824K, 100% used [0x00000000d5580000,0x00000000d6300000,0x00000000d6300000)
  from space 1024K, 81% used [0x00000000d6600000,0x00000000d66d0000,0x00000000d6700000)
  to   space 1536K, 0% used [0x00000000d6400000,0x00000000d6400000,0x00000000d6580000)
 ParOldGen       total 1058304K, used 1058104K [0x0000000080000000, 0x00000000c0980000, 0x00000000d5580000)
  object space 1058304K, 99% used [0x0000000080000000,0x00000000c094e0f0,0x00000000c0980000)
 Metaspace       used 79425K, committed 81088K, reserved 1179648K
  class space    used 8169K, committed 8896K, reserved 1048576K
}
Event: 41.836 GC heap after
{Heap after GC invocations=2377 (full 4):
 PSYoungGen      total 15360K, used 928K [0x00000000d5580000, 0x00000000d6680000, 0x0000000100000000)
  eden space 13824K, 0% used [0x00000000d5580000,0x00000000d5580000,0x00000000d6300000)
  from space 1536K, 60% used [0x00000000d6400000,0x00000000d64e8000,0x00000000d6580000)
  to   space 1024K, 0% used [0x00000000d6580000,0x00000000d6580000,0x00000000d6680000)
 ParOldGen       total 1058816K, used 1058776K [0x0000000080000000, 0x00000000c0a00000, 0x00000000d5580000)
  object space 1058816K, 99% used [0x0000000080000000,0x00000000c09f60f0,0x00000000c0a00000)
 Metaspace       used 79425K, committed 81088K, reserved 1179648K
  class space    used 8169K, committed 8896K, reserved 1048576K
}
Event: 41.846 GC heap before
{Heap before GC invocations=2378 (full 4):
 PSYoungGen      total 15360K, used 14752K [0x00000000d5580000, 0x00000000d6680000, 0x0000000100000000)
  eden space 13824K, 100% used [0x00000000d5580000,0x00000000d6300000,0x00000000d6300000)
  from space 1536K, 60% used [0x00000000d6400000,0x00000000d64e8000,0x00000000d6580000)
  to   space 1024K, 0% used [0x00000000d6580000,0x00000000d6580000,0x00000000d6680000)
 ParOldGen       total 1058816K, used 1058776K [0x0000000080000000, 0x00000000c0a00000, 0x00000000d5580000)
  object space 1058816K, 99% used [0x0000000080000000,0x00000000c09f60f0,0x00000000c0a00000)
 Metaspace       used 79425K, committed 81088K, reserved 1179648K
  class space    used 8169K, committed 8896K, reserved 1048576K
}
Event: 41.848 GC heap after
{Heap after GC invocations=2378 (full 4):
 PSYoungGen      total 14848K, used 960K [0x00000000d5580000, 0x00000000d6680000, 0x0000000100000000)
  eden space 13824K, 0% used [0x00000000d5580000,0x00000000d5580000,0x00000000d6300000)
  from space 1024K, 93% used [0x00000000d6580000,0x00000000d6670000,0x00000000d6680000)
  to   space 1024K, 0% used [0x00000000d6480000,0x00000000d6480000,0x00000000d6580000)
 ParOldGen       total 1060352K, used 1060312K [0x0000000080000000, 0x00000000c0b80000, 0x00000000d5580000)
  object space 1060352K, 99% used [0x0000000080000000,0x00000000c0b760f8,0x00000000c0b80000)
 Metaspace       used 79425K, committed 81088K, reserved 1179648K
  class space    used 8169K, committed 8896K, reserved 1048576K
}
Event: 41.865 GC heap before
{Heap before GC invocations=2379 (full 4):
 PSYoungGen      total 14848K, used 14784K [0x00000000d5580000, 0x00000000d6680000, 0x0000000100000000)
  eden space 13824K, 100% used [0x00000000d5580000,0x00000000d6300000,0x00000000d6300000)
  from space 1024K, 93% used [0x00000000d6580000,0x00000000d6670000,0x00000000d6680000)
  to   space 1024K, 0% used [0x00000000d6480000,0x00000000d6480000,0x00000000d6580000)
 ParOldGen       total 1060352K, used 1060312K [0x0000000080000000, 0x00000000c0b80000, 0x00000000d5580000)
  object space 1060352K, 99% used [0x0000000080000000,0x00000000c0b760f8,0x00000000c0b80000)
 Metaspace       used 79425K, committed 81088K, reserved 1179648K
  class space    used 8169K, committed 8896K, reserved 1048576K
}
Event: 41.867 GC heap after
{Heap after GC invocations=2379 (full 4):
 PSYoungGen      total 14848K, used 896K [0x00000000d5580000, 0x00000000d6600000, 0x0000000100000000)
  eden space 13824K, 0% used [0x00000000d5580000,0x00000000d5580000,0x00000000d6300000)
  from space 1024K, 87% used [0x00000000d6480000,0x00000000d6560000,0x00000000d6580000)
  to   space 512K, 0% used [0x00000000d6580000,0x00000000d6580000,0x00000000d6600000)
 ParOldGen       total 1061376K, used 1061056K [0x0000000080000000, 0x00000000c0c80000, 0x00000000d5580000)
  object space 1061376K, 99% used [0x0000000080000000,0x00000000c0c300f8,0x00000000c0c80000)
 Metaspace       used 79425K, committed 81088K, reserved 1179648K
  class space    used 8169K, committed 8896K, reserved 1048576K
}
Event: 41.878 GC heap before
{Heap before GC invocations=2380 (full 4):
 PSYoungGen      total 14848K, used 14720K [0x00000000d5580000, 0x00000000d6600000, 0x0000000100000000)
  eden space 13824K, 100% used [0x00000000d5580000,0x00000000d6300000,0x00000000d6300000)
  from space 1024K, 87% used [0x00000000d6480000,0x00000000d6560000,0x00000000d6580000)
  to   space 512K, 0% used [0x00000000d6580000,0x00000000d6580000,0x00000000d6600000)
 ParOldGen       total 1061376K, used 1061056K [0x0000000080000000, 0x00000000c0c80000, 0x00000000d5580000)
  object space 1061376K, 99% used [0x0000000080000000,0x00000000c0c300f8,0x00000000c0c80000)
 Metaspace       used 79425K, committed 81088K, reserved 1179648K
  class space    used 8169K, committed 8896K, reserved 1048576K
}
Event: 41.880 GC heap after
{Heap after GC invocations=2380 (full 4):
 PSYoungGen      total 14336K, used 512K [0x00000000d5580000, 0x00000000d6700000, 0x0000000100000000)
  eden space 13824K, 0% used [0x00000000d5580000,0x00000000d5580000,0x00000000d6300000)
  from space 512K, 100% used [0x00000000d6580000,0x00000000d6600000,0x00000000d6600000)
  to   space 2048K, 0% used [0x00000000d6300000,0x00000000d6300000,0x00000000d6500000)
 ParOldGen       total 1062400K, used 1062133K [0x0000000080000000, 0x00000000c0d80000, 0x00000000d5580000)
  object space 1062400K, 99% used [0x0000000080000000,0x00000000c0d3d4f8,0x00000000c0d80000)
 Metaspace       used 79425K, committed 81088K, reserved 1179648K
  class space    used 8169K, committed 8896K, reserved 1048576K
}
Event: 41.889 GC heap before
{Heap before GC invocations=2381 (full 4):
 PSYoungGen      total 14336K, used 14336K [0x00000000d5580000, 0x00000000d6700000, 0x0000000100000000)
  eden space 13824K, 100% used [0x00000000d5580000,0x00000000d6300000,0x00000000d6300000)
  from space 512K, 100% used [0x00000000d6580000,0x00000000d6600000,0x00000000d6600000)
  to   space 2048K, 0% used [0x00000000d6300000,0x00000000d6300000,0x00000000d6500000)
 ParOldGen       total 1062400K, used 1062133K [0x0000000080000000, 0x00000000c0d80000, 0x00000000d5580000)
  object space 1062400K, 99% used [0x0000000080000000,0x00000000c0d3d4f8,0x00000000c0d80000)
 Metaspace       used 79425K, committed 81088K, reserved 1179648K
  class space    used 8169K, committed 8896K, reserved 1048576K
}
Event: 41.890 GC heap after
{Heap after GC invocations=2381 (full 4):
 PSYoungGen      total 14848K, used 1024K [0x00000000d5580000, 0x00000000d6600000, 0x0000000100000000)
  eden space 13824K, 0% used [0x00000000d5580000,0x00000000d5580000,0x00000000d6300000)
  from space 1024K, 100% used [0x00000000d6300000,0x00000000d6400000,0x00000000d6400000)
  to   space 1536K, 0% used [0x00000000d6480000,0x00000000d6480000,0x00000000d6600000)
 ParOldGen       total 1062912K, used 1062589K [0x0000000080000000, 0x00000000c0e00000, 0x00000000d5580000)
  object space 1062912K, 99% used [0x0000000080000000,0x00000000c0daf4f8,0x00000000c0e00000)
 Metaspace       used 79425K, committed 81088K, reserved 1179648K
  class space    used 8169K, committed 8896K, reserved 1048576K
}
Event: 41.898 GC heap before
{Heap before GC invocations=2382 (full 4):
 PSYoungGen      total 14848K, used 14848K [0x00000000d5580000, 0x00000000d6600000, 0x0000000100000000)
  eden space 13824K, 100% used [0x00000000d5580000,0x00000000d6300000,0x00000000d6300000)
  from space 1024K, 100% used [0x00000000d6300000,0x00000000d6400000,0x00000000d6400000)
  to   space 1536K, 0% used [0x00000000d6480000,0x00000000d6480000,0x00000000d6600000)
 ParOldGen       total 1062912K, used 1062589K [0x0000000080000000, 0x00000000c0e00000, 0x00000000d5580000)
  object space 1062912K, 99% used [0x0000000080000000,0x00000000c0daf4f8,0x00000000c0e00000)
 Metaspace       used 79425K, committed 81088K, reserved 1179648K
  class space    used 8169K, committed 8896K, reserved 1048576K
}
Event: 41.900 GC heap after
{Heap after GC invocations=2382 (full 4):
 PSYoungGen      total 15360K, used 1434K [0x00000000d5580000, 0x00000000d6600000, 0x0000000100000000)
  eden space 13824K, 0% used [0x00000000d5580000,0x00000000d5580000,0x00000000d6300000)
  from space 1536K, 93% used [0x00000000d6480000,0x00000000d65e6960,0x00000000d6600000)
  to   space 1536K, 0% used [0x00000000d6300000,0x00000000d6300000,0x00000000d6480000)
 ParOldGen       total 1063424K, used 1063374K [0x0000000080000000, 0x00000000c0e80000, 0x00000000d5580000)
  object space 1063424K, 99% used [0x0000000080000000,0x00000000c0e73908,0x00000000c0e80000)
 Metaspace       used 79425K, committed 81088K, reserved 1179648K
  class space    used 8169K, committed 8896K, reserved 1048576K
}
Event: 41.908 GC heap before
{Heap before GC invocations=2383 (full 4):
 PSYoungGen      total 15360K, used 15258K [0x00000000d5580000, 0x00000000d6600000, 0x0000000100000000)
  eden space 13824K, 100% used [0x00000000d5580000,0x00000000d6300000,0x00000000d6300000)
  from space 1536K, 93% used [0x00000000d6480000,0x00000000d65e6960,0x00000000d6600000)
  to   space 1536K, 0% used [0x00000000d6300000,0x00000000d6300000,0x00000000d6480000)
 ParOldGen       total 1063424K, used 1063374K [0x0000000080000000, 0x00000000c0e80000, 0x00000000d5580000)
  object space 1063424K, 99% used [0x0000000080000000,0x00000000c0e73908,0x00000000c0e80000)
 Metaspace       used 79425K, committed 81088K, reserved 1179648K
  class space    used 8169K, committed 8896K, reserved 1048576K
}
Event: 41.909 GC heap after
{Heap after GC invocations=2383 (full 4):
 PSYoungGen      total 15360K, used 1024K [0x00000000d5580000, 0x00000000d6600000, 0x0000000100000000)
  eden space 13824K, 0% used [0x00000000d5580000,0x00000000d5580000,0x00000000d6300000)
  from space 1536K, 66% used [0x00000000d6300000,0x00000000d6400000,0x00000000d6480000)
  to   space 1536K, 0% used [0x00000000d6480000,0x00000000d6480000,0x00000000d6600000)
 ParOldGen       total 1064448K, used 1064206K [0x0000000080000000, 0x00000000c0f80000, 0x00000000d5580000)
  object space 1064448K, 99% used [0x0000000080000000,0x00000000c0f43908,0x00000000c0f80000)
 Metaspace       used 79425K, committed 81088K, reserved 1179648K
  class space    used 8169K, committed 8896K, reserved 1048576K
}
Event: 41.917 GC heap before
{Heap before GC invocations=2384 (full 4):
 PSYoungGen      total 15360K, used 14848K [0x00000000d5580000, 0x00000000d6600000, 0x0000000100000000)
  eden space 13824K, 100% used [0x00000000d5580000,0x00000000d6300000,0x00000000d6300000)
  from space 1536K, 66% used [0x00000000d6300000,0x00000000d6400000,0x00000000d6480000)
  to   space 1536K, 0% used [0x00000000d6480000,0x00000000d6480000,0x00000000d6600000)
 ParOldGen       total 1064448K, used 1064206K [0x0000000080000000, 0x00000000c0f80000, 0x00000000d5580000)
  object space 1064448K, 99% used [0x0000000080000000,0x00000000c0f43908,0x00000000c0f80000)
 Metaspace       used 79425K, committed 81088K, reserved 1179648K
  class space    used 8169K, committed 8896K, reserved 1048576K
}
Event: 41.918 GC heap after
{Heap after GC invocations=2384 (full 4):
 PSYoungGen      total 13824K, used 1511K [0x00000000d5580000, 0x00000000d6900000, 0x0000000100000000)
  eden space 12288K, 0% used [0x00000000d5580000,0x00000000d5580000,0x00000000d6180000)
  from space 1536K, 98% used [0x00000000d6480000,0x00000000d65f9da8,0x00000000d6600000)
  to   space 3072K, 0% used [0x00000000d6180000,0x00000000d6180000,0x00000000d6480000)
 ParOldGen       total 1065472K, used 1065253K [0x0000000080000000, 0x00000000c1080000, 0x00000000d5580000)
  object space 1065472K, 99% used [0x0000000080000000,0x00000000c1049508,0x00000000c1080000)
 Metaspace       used 79425K, committed 81088K, reserved 1179648K
  class space    used 8169K, committed 8896K, reserved 1048576K
}
Event: 41.925 GC heap before
{Heap before GC invocations=2385 (full 4):
 PSYoungGen      total 13824K, used 13799K [0x00000000d5580000, 0x00000000d6900000, 0x0000000100000000)
  eden space 12288K, 100% used [0x00000000d5580000,0x00000000d6180000,0x00000000d6180000)
  from space 1536K, 98% used [0x00000000d6480000,0x00000000d65f9da8,0x00000000d6600000)
  to   space 3072K, 0% used [0x00000000d6180000,0x00000000d6180000,0x00000000d6480000)
 ParOldGen       total 1065472K, used 1065253K [0x0000000080000000, 0x00000000c1080000, 0x00000000d5580000)
  object space 1065472K, 99% used [0x0000000080000000,0x00000000c1049508,0x00000000c1080000)
 Metaspace       used 79425K, committed 81088K, reserved 1179648K
  class space    used 8169K, committed 8896K, reserved 1048576K
}

